<?xml version="1.0" encoding="UTF-8"?>
<!-- Generated by org.testng.reporters.JUnitXMLReporter -->
<testsuite ignored="1" hostname="DESKTOP-NLQV0IK" failures="0" tests="3" name="Login Tests" time="37.501" errors="0" timestamp="2025-07-12T16:36:08 IST">
  <testcase classname="com.orangeHRM.test.LoginPageTest" name="verifyInvalidLoginTest" time="2.879"/>
  <testcase classname="com.orangeHRM.test.LoginPageTest" name="verifySuccessfulLoginTest" time="6.74"/>
  <testcase classname="com.orangeHRM.test.HomePageTest" name="verifyAdminTabVisibleTest" time="2.857"/>
  <testcase classname="com.orangehrm.base.BaseClass" name="@BeforeSuite loadConfig" time="0.0">
    <ignored/>
  </testcase> <!-- @BeforeSuite loadConfig -->
</testsuite> <!-- Login Tests -->
