<?xml version="1.0" encoding="UTF-8"?>
<testng-results ignored="1" total="4" passed="3" failed="0" skipped="0">
  <reporter-output>
  </reporter-output>
  <suite started-at="2025-07-12T16:35:30 IST" name="OrangeHRM Test Suite" finished-at="2025-07-12T16:36:08 IST" duration-ms="37501">
    <groups>
    </groups>
    <test started-at="2025-07-12T16:35:30 IST" name="Login Tests" finished-at="2025-07-12T16:36:08 IST" duration-ms="37501">
      <class name="com.orangeHRM.test.HomePageTest">
        <test-method is-config="true" signature="setup()[pri:0, instance:com.orangeHRM.test.HomePageTest@772485dd]" started-at="2025-07-12T16:35:58 IST" name="setup" finished-at="2025-07-12T16:36:04 IST" duration-ms="6834" status="PASS">
          <reporter-output>
          </reporter-output>
        </test-method> <!-- setup -->
        <test-method signature="verifyAdminTabVisibleTest()[pri:0, instance:com.orangeHRM.test.HomePageTest@772485dd]" started-at="2025-07-12T16:36:04 IST" name="verifyAdminTabVisibleTest" finished-at="2025-07-12T16:36:07 IST" duration-ms="2857" status="PASS">
          <reporter-output>
          </reporter-output>
        </test-method> <!-- verifyAdminTabVisibleTest -->
        <test-method is-config="true" signature="setupTest()[pri:0, instance:com.orangeHRM.test.HomePageTest@772485dd]" started-at="2025-07-12T16:36:04 IST" name="setupTest" finished-at="2025-07-12T16:36:04 IST" duration-ms="0" status="PASS">
          <reporter-output>
          </reporter-output>
        </test-method> <!-- setupTest -->
        <test-method is-config="true" signature="teardown()[pri:0, instance:com.orangeHRM.test.HomePageTest@772485dd]" started-at="2025-07-12T16:36:07 IST" name="teardown" finished-at="2025-07-12T16:36:08 IST" duration-ms="310" status="PASS">
          <reporter-output>
          </reporter-output>
        </test-method> <!-- teardown -->
      </class> <!-- com.orangeHRM.test.HomePageTest -->
      <class name="com.orangeHRM.test.LoginPageTest">
        <test-method is-config="true" signature="loadConfig()[pri:0, instance:com.orangeHRM.test.LoginPageTest@7a34b7b8]" started-at="2025-07-12T16:35:30 IST" name="loadConfig" finished-at="2025-07-12T16:35:30 IST" duration-ms="16" status="PASS">
          <reporter-output>
          </reporter-output>
        </test-method> <!-- loadConfig -->
        <test-method is-config="true" signature="setup()[pri:0, instance:com.orangeHRM.test.LoginPageTest@7a34b7b8]" started-at="2025-07-12T16:35:30 IST" name="setup" finished-at="2025-07-12T16:35:40 IST" duration-ms="10207" status="PASS">
          <reporter-output>
          </reporter-output>
        </test-method> <!-- setup -->
        <test-method is-config="true" signature="setupTest()[pri:0, instance:com.orangeHRM.test.LoginPageTest@7a34b7b8]" started-at="2025-07-12T16:35:40 IST" name="setupTest" finished-at="2025-07-12T16:35:40 IST" duration-ms="0" status="PASS">
          <reporter-output>
          </reporter-output>
        </test-method> <!-- setupTest -->
        <test-method signature="verifyInvalidLoginTest()[pri:0, instance:com.orangeHRM.test.LoginPageTest@7a34b7b8]" started-at="2025-07-12T16:35:40 IST" name="verifyInvalidLoginTest" finished-at="2025-07-12T16:35:43 IST" duration-ms="2879" status="PASS">
          <reporter-output>
          </reporter-output>
        </test-method> <!-- verifyInvalidLoginTest -->
        <test-method is-config="true" signature="teardown()[pri:0, instance:com.orangeHRM.test.LoginPageTest@7a34b7b8]" started-at="2025-07-12T16:35:43 IST" name="teardown" finished-at="2025-07-12T16:35:44 IST" duration-ms="293" status="PASS">
          <reporter-output>
          </reporter-output>
        </test-method> <!-- teardown -->
        <test-method is-config="true" signature="setup()[pri:0, instance:com.orangeHRM.test.LoginPageTest@7a34b7b8]" started-at="2025-07-12T16:35:44 IST" name="setup" finished-at="2025-07-12T16:35:51 IST" duration-ms="7032" status="PASS">
          <reporter-output>
          </reporter-output>
        </test-method> <!-- setup -->
        <test-method signature="verifySuccessfulLoginTest()[pri:0, instance:com.orangeHRM.test.LoginPageTest@7a34b7b8]" started-at="2025-07-12T16:35:51 IST" name="verifySuccessfulLoginTest" finished-at="2025-07-12T16:35:57 IST" duration-ms="6740" status="PASS">
          <reporter-output>
          </reporter-output>
        </test-method> <!-- verifySuccessfulLoginTest -->
        <test-method is-config="true" signature="setupTest()[pri:0, instance:com.orangeHRM.test.LoginPageTest@7a34b7b8]" started-at="2025-07-12T16:35:51 IST" name="setupTest" finished-at="2025-07-12T16:35:51 IST" duration-ms="0" status="PASS">
          <reporter-output>
          </reporter-output>
        </test-method> <!-- setupTest -->
        <test-method is-config="true" signature="teardown()[pri:0, instance:com.orangeHRM.test.LoginPageTest@7a34b7b8]" started-at="2025-07-12T16:35:57 IST" name="teardown" finished-at="2025-07-12T16:35:58 IST" duration-ms="292" status="PASS">
          <reporter-output>
          </reporter-output>
        </test-method> <!-- teardown -->
      </class> <!-- com.orangeHRM.test.LoginPageTest -->
    </test> <!-- Login Tests -->
  </suite> <!-- OrangeHRM Test Suite -->
</testng-results>
